*** Using Compiler 'V5.06 update 7 (build 960)', folder: 'D:\Keil_v5\ARM\ARMCC\Bin'
Build target 'R9_407F_num2'
compiling WheelSpeedMap.c...
..\..\Drivers\CMSIS\Device\ST\STM32F4xx\Include\stm32f407xx.h(52): warning:  #47-D: incompatible redefinition of macro "__FPU_PRESENT" 
  #define __FPU_PRESENT             1U       /*!< FPU present                                   */
..\..\Drivers\CMSIS\Include\core_cm4.h(80): warning:  #47-D: incompatible redefinition of macro "__FPU_USED" 
        #define __FPU_USED       1U
..\..\Drivers\./BSP/Common/common.h(112): warning:  #1-D: last line of file ends without a newline
   
..\..\Drivers\./BSP/R9/mlx90393.h(99): warning:  #65-D: expected a ";"
  } MLX90393Data;
..\..\Drivers\BSP\R9\WheelSpeedMap.c(253): warning:  #1035-D: single-precision operand implicitly converted to double-precision
  		set_forwardActmax = velPlanIn.set_forwardAct / JOYSTIC_R * velPlanIn.adcy;
..\..\Drivers\BSP\R9\WheelSpeedMap.c(254): warning:  #1035-D: single-precision operand implicitly converted to double-precision
  		lineVelocity = set_forwardActmax * velPlanIn.adcy / JOYSTIC_R; // sin(velPlanIn.adcy/JOYSTIC_R*PI/2.0);
..\..\Drivers\BSP\R9\WheelSpeedMap.c(258): warning:  #1035-D: single-precision operand implicitly converted to double-precision
  		set_reverseActmax = velPlanIn.set_reverseAct / JOYSTIC_R * abs(velPlanIn.adcy);
..\..\Drivers\BSP\R9\WheelSpeedMap.c(258): warning:  #223-D: function "abs" declared implicitly
  		set_reverseActmax = velPlanIn.set_reverseAct / JOYSTIC_R * abs(velPlanIn.adcy);
..\..\Drivers\BSP\R9\WheelSpeedMap.c(259): warning:  #1035-D: single-precision operand implicitly converted to double-precision
  		lineVelocity = set_reverseActmax * velPlanIn.adcy / JOYSTIC_R; // sin(velPlanIn.adcy/JOYSTIC_R*PI/2.0);
..\..\Drivers\BSP\R9\WheelSpeedMap.c(261): warning:  #1035-D: single-precision operand implicitly converted to double-precision
  	set_turn_handlmax = velPlanIn.set_turnAct / JOYSTIC_R * abs(velPlanIn.adcx);
..\..\Drivers\BSP\R9\WheelSpeedMap.c(261): warning:  #223-D: function "abs" declared implicitly
  	set_turn_handlmax = velPlanIn.set_turnAct / JOYSTIC_R * abs(velPlanIn.adcx);
..\..\Drivers\BSP\R9\WheelSpeedMap.c(262): warning:  #1035-D: single-precision operand implicitly converted to double-precision
  	omega_velocity = set_turn_handlmax * velPlanIn.adcx / JOYSTIC_R; // sin(velPlanIn.adcx/JOYSTIC_R*PI/2.0); //转向
..\..\Drivers\BSP\R9\WheelSpeedMap.c(264): warning:  #1035-D: single-precision operand implicitly converted to double-precision
  	float handl_lineVelocity = lineVelocity * KMPH_TO_MPS;
..\..\Drivers\BSP\R9\WheelSpeedMap.c(265): warning:  #1035-D: single-precision operand implicitly converted to double-precision
  	float handl_omega_velocity = omega_velocity * KMPH_TO_MPS;
..\..\Drivers\BSP\R9\WheelSpeedMap.c(281): warning:  #1035-D: single-precision operand implicitly converted to double-precision
  	lineVelocity = ApplyLongitudinalConstraint(&handl_lineVelocity, &GEAR_CONSTRAINTS[Struc_ActuPra_Int.set_velocitylevelAct - 1], CONTROL_CYCLE_S) * MPS_TO_KMPH;
..\..\Drivers\BSP\R9\WheelSpeedMap.c(282): warning:  #1035-D: single-precision operand implicitly converted to double-precision
  	omega_velocity = ApplyLateralConstraint(&handl_omega_velocity, &GEAR_CONSTRAINTS[Struc_ActuPra_Int.set_velocitylevelAct - 1], CONTROL_CYCLE_S) * MPS_TO_KMPH;
..\..\Drivers\BSP\R9\WheelSpeedMap.c(373): warning:  #1035-D: single-precision operand implicitly converted to double-precision
  	Struc_ActuPra_Int.K_revise = sin(0.5 * PI - (PI / 4.0 - Struc_ActuPra_Int.Steering_Angle / 180.0 * PI)) + cos(0.5 * PI - (PI / 4.0 - Struc_ActuPra_Int.Steering_Angle / 180.0 * PI));
..\..\Drivers\BSP\R9\WheelSpeedMap.c(373): warning:  #1035-D: single-precision operand implicitly converted to double-precision
  	Struc_ActuPra_Int.K_revise = sin(0.5 * PI - (PI / 4.0 - Struc_ActuPra_Int.Steering_Angle / 180.0 * PI)) + cos(0.5 * PI - (PI / 4.0 - Struc_ActuPra_Int.Steering_Angle / 180.0 * PI));
..\..\Drivers\BSP\R9\WheelSpeedMap.c(376): warning:  #1035-D: single-precision operand implicitly converted to double-precision
  	if (Struc_ActuPra_Int.set_Maximum_Strspeed == 1.0)
..\..\Drivers\BSP\R9\WheelSpeedMap.c(396): warning:  #1-D: last line of file ends without a newline
  }
..\..\Drivers\BSP\R9\WheelSpeedMap.c: 20 warnings, 0 errors
linking...
Program Size: Code=23532 RO-data=576 RW-data=140 ZI-data=6228  
FromELF: creating hex file...
"..\..\Output\atk_f407.axf" - 0 Error(s), 20 Warning(s).
Build Time Elapsed:  00:00:13
