*** Using Compiler 'V5.06 update 7 (build 960)', folder: 'D:\Keil_v5\ARM\ARMCC\Bin'
Build target 'joystick'
assembling startup_stm32g431xx.s...
creating preprocessor file for delay.c...
creating preprocessor file for system_stm32g4xx.c...
creating preprocessor file for main.c...
creating preprocessor file for sys.c...
creating preprocessor file for stm32g4xx_it.c...
creating preprocessor file for stm32g4xx_hal.c...
creating preprocessor file for usart.c...
creating preprocessor file for stm32g4xx_hal_cortex.c...
creating preprocessor file for stm32g4xx_hal_dma.c...
creating preprocessor file for stm32g4xx_hal_dma_ex.c...
creating preprocessor file for stm32g4xx_hal_gpio.c...
creating preprocessor file for stm32g4xx_hal_iwdg.c...
creating preprocessor file for stm32g4xx_hal_pwr.c...
compiling system_stm32g4xx.c...
compiling stm32g4xx_it.c...
compiling delay.c...
compiling main.c...
compiling sys.c...
compiling usart.c...
creating preprocessor file for stm32g4xx_hal_pwr_ex.c...
creating preprocessor file for stm32g4xx_hal_rcc.c...
compiling stm32g4xx_hal_cortex.c...
compiling stm32g4xx_hal_dma.c...
compiling stm32g4xx_hal_dma_ex.c...
compiling stm32g4xx_hal.c...
compiling stm32g4xx_hal_gpio.c...
compiling stm32g4xx_hal_iwdg.c...
creating preprocessor file for stm32g4xx_hal_rcc_ex.c...
compiling stm32g4xx_hal_pwr.c...
creating preprocessor file for stm32g4xx_hal_tim.c...
creating preprocessor file for stm32g4xx_hal_tim_ex.c...
creating preprocessor file for stm32g4xx_hal_uart.c...
creating preprocessor file for stm32g4xx_hal_uart_ex.c...
creating preprocessor file for stm32g4xx_hal_usart.c...
creating preprocessor file for stm32g4xx_hal_usart_ex.c...
creating preprocessor file for stm32g4xx_hal_wwdg.c...
creating preprocessor file for stm32g4xx_hal_adc.c...
creating preprocessor file for stm32g4xx_hal_adc_ex.c...
creating preprocessor file for stm32g4xx_hal_comp.c...
compiling stm32g4xx_hal_pwr_ex.c...
creating preprocessor file for stm32g4xx_hal_cordic.c...
compiling stm32g4xx_hal_uart_ex.c...
compiling stm32g4xx_hal_rcc.c...
compiling stm32g4xx_hal_usart_ex.c...
compiling stm32g4xx_hal_wwdg.c...
compiling stm32g4xx_hal_usart.c...
compiling stm32g4xx_hal_uart.c...
compiling stm32g4xx_hal_tim_ex.c...
creating preprocessor file for stm32g4xx_hal_crc.c...
compiling stm32g4xx_hal_rcc_ex.c...
creating preprocessor file for stm32g4xx_hal_crc_ex.c...
compiling stm32g4xx_hal_comp.c...
creating preprocessor file for stm32g4xx_hal_cryp.c...
compiling stm32g4xx_hal_adc_ex.c...
compiling stm32g4xx_hal_adc.c...
compiling stm32g4xx_hal_tim.c...
creating preprocessor file for stm32g4xx_hal_cryp_ex.c...
creating preprocessor file for stm32g4xx_hal_dac.c...
creating preprocessor file for stm32g4xx_hal_dac_ex.c...
creating preprocessor file for stm32g4xx_hal_exti.c...
creating preprocessor file for stm32g4xx_hal_fdcan.c...
creating preprocessor file for stm32g4xx_hal_flash.c...
creating preprocessor file for stm32g4xx_hal_flash_ex.c...
creating preprocessor file for stm32g4xx_hal_flash_ramfunc.c...
creating preprocessor file for stm32g4xx_hal_fmac.c...
compiling stm32g4xx_hal_crc.c...
compiling stm32g4xx_hal_cordic.c...
compiling stm32g4xx_hal_cryp.c...
creating preprocessor file for stm32g4xx_hal_hrtim.c...
compiling stm32g4xx_hal_crc_ex.c...
compiling stm32g4xx_hal_cryp_ex.c...
compiling stm32g4xx_hal_exti.c...
compiling stm32g4xx_hal_dac_ex.c...
compiling stm32g4xx_hal_dac.c...
creating preprocessor file for stm32g4xx_hal_i2c.c...
creating preprocessor file for stm32g4xx_hal_i2c_ex.c...
compiling stm32g4xx_hal_flash.c...
compiling stm32g4xx_hal_fdcan.c...
compiling stm32g4xx_hal_flash_ramfunc.c...
compiling stm32g4xx_hal_flash_ex.c...
creating preprocessor file for stm32g4xx_hal_i2s.c...
compiling stm32g4xx_hal_fmac.c...
creating preprocessor file for stm32g4xx_hal_irda.c...
creating preprocessor file for stm32g4xx_hal_lptim.c...
creating preprocessor file for stm32g4xx_hal_nand.c...
creating preprocessor file for stm32g4xx_hal_msp_template.c...
creating preprocessor file for stm32g4xx_hal_nor.c...
creating preprocessor file for stm32g4xx_hal_opamp.c...
creating preprocessor file for stm32g4xx_hal_opamp_ex.c...
creating preprocessor file for stm32g4xx_hal_pcd.c...
creating preprocessor file for stm32g4xx_hal_pcd_ex.c...
compiling stm32g4xx_hal_hrtim.c...
creating preprocessor file for stm32g4xx_hal_qspi.c...
compiling stm32g4xx_hal_i2s.c...
compiling stm32g4xx_hal_i2c_ex.c...
compiling stm32g4xx_hal_nor.c...
compiling stm32g4xx_hal_irda.c...
compiling stm32g4xx_hal_msp_template.c...
compiling stm32g4xx_hal_nand.c...
compiling stm32g4xx_hal_lptim.c...
compiling stm32g4xx_hal_opamp.c...
compiling stm32g4xx_hal_pcd.c...
compiling stm32g4xx_hal_opamp_ex.c...
compiling stm32g4xx_hal_i2c.c...
creating preprocessor file for stm32g4xx_hal_rng.c...
creating preprocessor file for stm32g4xx_hal_rtc.c...
compiling stm32g4xx_hal_pcd_ex.c...
creating preprocessor file for stm32g4xx_hal_rtc_ex.c...
creating preprocessor file for stm32g4xx_hal_sai.c...
creating preprocessor file for stm32g4xx_hal_sai_ex.c...
creating preprocessor file for stm32g4xx_hal_smartcard.c...
creating preprocessor file for stm32g4xx_hal_smartcard_ex.c...
creating preprocessor file for stm32g4xx_hal_smbus.c...
creating preprocessor file for stm32g4xx_hal_smbus_ex.c...
creating preprocessor file for stm32g4xx_hal_spi.c...
creating preprocessor file for stm32g4xx_hal_spi_ex.c...
creating preprocessor file for stm32g4xx_hal_sram.c...
compiling stm32g4xx_hal_qspi.c...
creating preprocessor file for mlx90393.c...
compiling stm32g4xx_hal_rng.c...
compiling stm32g4xx_hal_rtc.c...
compiling stm32g4xx_hal_rtc_ex.c...
creating preprocessor file for API_Schedule.c...
compiling stm32g4xx_hal_sai.c...
compiling stm32g4xx_hal_smbus.c...
compiling stm32g4xx_hal_smartcard_ex.c...
compiling stm32g4xx_hal_spi.c...
compiling stm32g4xx_hal_smartcard.c...
compiling stm32g4xx_hal_sai_ex.c...
compiling stm32g4xx_hal_smbus_ex.c...
creating preprocessor file for can.c...
compiling stm32g4xx_hal_spi_ex.c...
compiling stm32g4xx_hal_sram.c...
creating preprocessor file for task.c...
compiling mlx90393.c...
creating preprocessor file for btim.c...
creating preprocessor file for mlx90393can_send.c...
creating preprocessor file for wdg.c...
compiling API_Schedule.c...
compiling can.c...
..\..\Drivers\BSP\CAN\can.c(72): warning:  #940-D: missing return statement at end of non-void function "MX_FDCAN1_Init" 
  }
..\..\Drivers\BSP\CAN\can.c(135): warning:  #940-D: missing return statement at end of non-void function "FDCAN1_Send_Msg" 
  }
..\..\Drivers\BSP\CAN\can.c: 2 warnings, 0 errors
compiling btim.c...
compiling task.c...
compiling wdg.c...
compiling mlx90393can_send.c...
..\..\Drivers\BSP\MLX90393_CAN\mlx90393can_send.c(29): warning:  #1-D: last line of file ends without a newline
  }
..\..\Drivers\BSP\MLX90393_CAN\mlx90393can_send.c: 1 warning, 0 errors
linking...
Program Size: Code=15210 RO-data=570 RW-data=68 ZI-data=2540  
FromELF: creating hex file...
"..\..\Output\rehand_stm32g431kbu3.axf" - 0 Error(s), 3 Warning(s).
Build Time Elapsed:  00:00:44
