*** Using Compiler 'V5.06 update 7 (build 960)', folder: 'D:\Keil_v5\ARM\ARMCC\Bin'
Build target 'R9_407F_num2'
compiling common.c...
..\..\Drivers\CMSIS\Device\ST\STM32F4xx\Include\stm32f407xx.h(52): warning:  #47-D: incompatible redefinition of macro "__FPU_PRESENT" 
  #define __FPU_PRESENT             1U       /*!< FPU present                                   */
..\..\Drivers\CMSIS\Include\core_cm4.h(80): warning:  #47-D: incompatible redefinition of macro "__FPU_USED" 
        #define __FPU_USED       1U
..\..\Drivers\BSP\Common\common.c: 2 warnings, 0 errors
compiling mlx90393.c...
..\..\Drivers\CMSIS\Device\ST\STM32F4xx\Include\stm32f407xx.h(52): warning:  #47-D: incompatible redefinition of macro "__FPU_PRESENT" 
  #define __FPU_PRESENT             1U       /*!< FPU present                                   */
..\..\Drivers\CMSIS\Include\core_cm4.h(80): warning:  #47-D: incompatible redefinition of macro "__FPU_USED" 
        #define __FPU_USED       1U
..\..\Drivers\BSP\R9\mlx90393.c: 2 warnings, 0 errors
compiling getadcdata.c...
..\..\Drivers\CMSIS\Device\ST\STM32F4xx\Include\stm32f407xx.h(52): warning:  #47-D: incompatible redefinition of macro "__FPU_PRESENT" 
  #define __FPU_PRESENT             1U       /*!< FPU present                                   */
..\..\Drivers\CMSIS\Include\core_cm4.h(80): warning:  #47-D: incompatible redefinition of macro "__FPU_USED" 
        #define __FPU_USED       1U
..\..\Drivers\BSP\R9\getadcdata.c(134): warning:  #1035-D: single-precision operand implicitly converted to double-precision
  				if (Batcacu_V >=26.0)
..\..\Drivers\BSP\R9\getadcdata.c(138): warning:  #1035-D: single-precision operand implicitly converted to double-precision
  				else if (Batcacu_V >25.4 && Batcacu_V<26.2)
..\..\Drivers\BSP\R9\getadcdata.c(138): warning:  #1035-D: single-precision operand implicitly converted to double-precision
  				else if (Batcacu_V >25.4 && Batcacu_V<26.2)
..\..\Drivers\BSP\R9\getadcdata.c(143): warning:  #1035-D: single-precision operand implicitly converted to double-precision
  				else if(Batcacu_V >=23 && Batcacu_V<=25.4)
..\..\Drivers\BSP\R9\getadcdata.c(146): warning:  #1035-D: single-precision operand implicitly converted to double-precision
  					g_slaveReg[1] = roundToNDecimalPlaces(0.2917*Batcacu_V-6.558,2)*100.0;
..\..\Drivers\BSP\R9\getadcdata.c: 7 warnings, 0 errors
compiling can.c...
..\..\Drivers\CMSIS\Device\ST\STM32F4xx\Include\stm32f407xx.h(52): warning:  #47-D: incompatible redefinition of macro "__FPU_PRESENT" 
  #define __FPU_PRESENT             1U       /*!< FPU present                                   */
..\..\Drivers\CMSIS\Include\core_cm4.h(80): warning:  #47-D: incompatible redefinition of macro "__FPU_USED" 
        #define __FPU_USED       1U
..\..\Drivers\BSP\CAN\can.c(233): warning:  #177-D: variable "comcont"  was declared but never referenced
      static uint16_t comcont;
..\..\Drivers\BSP\CAN\can.c(234): warning:  #177-D: variable "comflage"  was declared but never referenced
      static uint8_t comflage ;
..\..\Drivers\BSP\CAN\can.c: 4 warnings, 0 errors
compiling btim.c...
..\..\Drivers\CMSIS\Device\ST\STM32F4xx\Include\stm32f407xx.h(52): warning:  #47-D: incompatible redefinition of macro "__FPU_PRESENT" 
  #define __FPU_PRESENT             1U       /*!< FPU present                                   */
..\..\Drivers\CMSIS\Include\core_cm4.h(80): warning:  #47-D: incompatible redefinition of macro "__FPU_USED" 
        #define __FPU_USED       1U
..\..\Drivers\BSP\TIMER\btim.c(138): warning:  #1035-D: single-precision operand implicitly converted to double-precision
  					gl_motor_data.speed = -(fabs(gl_motor_data.volatage) - gl_motor_data.current * MOTER_RA)/MOTER_CE;
..\..\Drivers\BSP\TIMER\btim.c(145): warning:  #1035-D: single-precision operand implicitly converted to double-precision
  					gl_motor_data.speed = (fabs(gl_motor_data.volatage) - gl_motor_data.current * MOTER_RA)/MOTER_CE;
..\..\Drivers\BSP\TIMER\btim.c(171): warning:  #1035-D: single-precision operand implicitly converted to double-precision
  					gr_motor_data.speed = -(fabs(gr_motor_data.volatage) - gr_motor_data.current * MOTER_RA)/MOTER_CE;
..\..\Drivers\BSP\TIMER\btim.c(180): warning:  #1035-D: single-precision operand implicitly converted to double-precision
  				gr_motor_data.speed = (fabs(gr_motor_data.volatage) - gr_motor_data.current * MOTER_RA)/MOTER_CE;
..\..\Drivers\BSP\TIMER\btim.c(122): warning:  #177-D: variable "templI"  was declared but never referenced
  			float templI;
..\..\Drivers\BSP\TIMER\btim.c(123): warning:  #177-D: variable "temprv"  was declared but never referenced
  			float temprv;
..\..\Drivers\BSP\TIMER\btim.c(124): warning:  #177-D: variable "temprI"  was declared but never referenced
  			float temprI;
..\..\Drivers\BSP\TIMER\btim.c: 9 warnings, 0 errors
compiling pid.c...
..\..\Drivers\CMSIS\Device\ST\STM32F4xx\Include\stm32f407xx.h(52): warning:  #47-D: incompatible redefinition of macro "__FPU_PRESENT" 
  #define __FPU_PRESENT             1U       /*!< FPU present                                   */
..\..\Drivers\CMSIS\Include\core_cm4.h(80): warning:  #47-D: incompatible redefinition of macro "__FPU_USED" 
        #define __FPU_USED       1U
..\..\Drivers\BSP\PID\pid.c(111): warning:  #1-D: last line of file ends without a newline
  }
..\..\Drivers\BSP\PID\pid.c: 3 warnings, 0 errors
compiling API_Schedule.c...
..\..\Drivers\CMSIS\Device\ST\STM32F4xx\Include\stm32f407xx.h(52): warning:  #47-D: incompatible redefinition of macro "__FPU_PRESENT" 
  #define __FPU_PRESENT             1U       /*!< FPU present                                   */
..\..\Drivers\CMSIS\Include\core_cm4.h(80): warning:  #47-D: incompatible redefinition of macro "__FPU_USED" 
        #define __FPU_USED       1U
..\..\Drivers\BSP\API_Schedule.c: 2 warnings, 0 errors
compiling task.c...
..\..\Drivers\CMSIS\Device\ST\STM32F4xx\Include\stm32f407xx.h(52): warning:  #47-D: incompatible redefinition of macro "__FPU_PRESENT" 
  #define __FPU_PRESENT             1U       /*!< FPU present                                   */
..\..\Drivers\CMSIS\Include\core_cm4.h(80): warning:  #47-D: incompatible redefinition of macro "__FPU_USED" 
        #define __FPU_USED       1U
..\..\Drivers\BSP\task.c(203): warning:  #1-D: last line of file ends without a newline
  }
..\..\Drivers\BSP\task.c: 3 warnings, 0 errors
compiling WheelSpeedMap.c...
..\..\Drivers\CMSIS\Device\ST\STM32F4xx\Include\stm32f407xx.h(52): warning:  #47-D: incompatible redefinition of macro "__FPU_PRESENT" 
  #define __FPU_PRESENT             1U       /*!< FPU present                                   */
..\..\Drivers\CMSIS\Include\core_cm4.h(80): warning:  #47-D: incompatible redefinition of macro "__FPU_USED" 
        #define __FPU_USED       1U
..\..\Drivers\BSP\R9\WheelSpeedMap.c(109): warning:  #1035-D: single-precision operand implicitly converted to double-precision
  		set_forwardActmax =velPlanIn.set_forwardAct/JOYSTIC_R *velPlanIn.adcy;
..\..\Drivers\BSP\R9\WheelSpeedMap.c(114): warning:  #1035-D: single-precision operand implicitly converted to double-precision
  		set_reverseActmax =velPlanIn.set_reverseAct/JOYSTIC_R *abs(velPlanIn.adcy);
..\..\Drivers\BSP\R9\WheelSpeedMap.c(114): warning:  #223-D: function "abs" declared implicitly
  		set_reverseActmax =velPlanIn.set_reverseAct/JOYSTIC_R *abs(velPlanIn.adcy);
..\..\Drivers\BSP\R9\WheelSpeedMap.c(117): warning:  #1035-D: single-precision operand implicitly converted to double-precision
  	set_turn_handlmax =0.7*velPlanIn.set_turnAct/JOYSTIC_R *abs(velPlanIn.adcx) ;
..\..\Drivers\BSP\R9\WheelSpeedMap.c(117): warning:  #223-D: function "abs" declared implicitly
  	set_turn_handlmax =0.7*velPlanIn.set_turnAct/JOYSTIC_R *abs(velPlanIn.adcx) ;
..\..\Drivers\BSP\R9\WheelSpeedMap.c(236): warning:  #1035-D: single-precision operand implicitly converted to double-precision
  		if ((chairkinematicspra.y_o>50.8 && chairkinematicspra.y_o<152.4) ||
..\..\Drivers\BSP\R9\WheelSpeedMap.c(236): warning:  #1035-D: single-precision operand implicitly converted to double-precision
  		if ((chairkinematicspra.y_o>50.8 && chairkinematicspra.y_o<152.4) ||
..\..\Drivers\BSP\R9\WheelSpeedMap.c(244): warning:  #1035-D: single-precision operand implicitly converted to double-precision
  		if (chairkinematicspra.y_o>152.4 ||
..\..\Drivers\BSP\R9\WheelSpeedMap.c(247): warning:  #1035-D: single-precision operand implicitly converted to double-precision
  		(chairkinematicspra.y_o>50.8 && fabs(chairkinematicspra.theta_x2X)>6.0 && fabs(chairkinematicspra.theta_x2X)<10.0)
..\..\Drivers\BSP\R9\WheelSpeedMap.c(24): warning:  #177-D: variable "pitch"  was declared but never referenced
  static float pitch,roll,yaw;
..\..\Drivers\BSP\R9\WheelSpeedMap.c(24): warning:  #177-D: variable "roll"  was declared but never referenced
  static float pitch,roll,yaw;
..\..\Drivers\BSP\R9\WheelSpeedMap.c(24): warning:  #177-D: variable "yaw"  was declared but never referenced
  static float pitch,roll,yaw;
..\..\Drivers\BSP\R9\WheelSpeedMap.c: 14 warnings, 0 errors
compiling main.c...
..\..\Drivers\CMSIS\Device\ST\STM32F4xx\Include\stm32f407xx.h(52): warning:  #47-D: incompatible redefinition of macro "__FPU_PRESENT" 
  #define __FPU_PRESENT             1U       /*!< FPU present                                   */
..\..\Drivers\CMSIS\Include\core_cm4.h(80): warning:  #47-D: incompatible redefinition of macro "__FPU_USED" 
        #define __FPU_USED       1U
..\..\User\main.c: 2 warnings, 0 errors
linking...
Program Size: Code=36860 RO-data=4364 RW-data=256 ZI-data=7760  
FromELF: creating hex file...
"..\..\Output\atk_f407.axf" - 0 Error(s), 48 Warning(s).
Build Time Elapsed:  00:00:06
